<?xml version="1.0" encoding="UTF-8"?>
<!-- Generated by org.testng.reporters.JUnitXMLReporter -->
<testsuite hostname="LAPTOP-SDLQ3M27" ignored="0" name="Regression" tests="3" failures="1" timestamp="22 May 2021 11:33:44 GMT" time="1.555" errors="0">
  <testcase name="setup" time="1.507" classname="selenium.HardAssert">
    <skipped/>
  </testcase> <!-- setup -->
  <testcase name="setup" time="0.004" classname="selenium.HardAssert">
    <skipped/>
  </testcase> <!-- setup -->
  <testcase name="setup" time="0.004" classname="selenium.HardAssert">
    <failure type="java.lang.IllegalStateException" message="The driver executable must exist: D:\Automation\Selenium\chromedriver_win32 (7)\chromedriver.exe">
      <![CDATA[java.lang.IllegalStateException: The driver executable must exist: D:\Automation\Selenium\chromedriver_win32 (7)\chromedriver.exe
at org.openqa.selenium.internal.Require$FileStateChecker.isFile(Require.java:282)
at org.openqa.selenium.remote.service.DriverService.checkExecutable(DriverService.java:154)
at org.openqa.selenium.remote.service.DriverService.findExecutable(DriverService.java:149)
at org.openqa.selenium.chrome.ChromeDriverService.access$000(ChromeDriverService.java:37)
at org.openqa.selenium.chrome.ChromeDriverService$Builder.findDefaultExecutable(ChromeDriverService.java:222)
at org.openqa.selenium.remote.service.DriverService$Builder.build(DriverService.java:405)
at org.openqa.selenium.chrome.ChromeDriverService.createDefaultService(ChromeDriverService.java:119)
at org.openqa.selenium.chrome.ChromeDriver.<init>(ChromeDriver.java:105)
at selenium.HardAssert.setup(HardAssert.java:17)
... Removed 25 stack frames]]>
    </failure>
  </testcase> <!-- setup -->
</testsuite> <!-- Regression -->
